[02:32:02] [main/INFO]: Loading Minecraft 1.21.1 with Fabric Loader 0.16.3
[02:32:02] [main/INFO]: Loading 4 mods:
	- fabricloader 0.16.3
	   \-- mixinextras 0.4.1
	- java 21
	- minecraft 1.21.1
[02:32:03] [main/INFO]: SpongePowered MIXIN Subsystem Version=0.8.7 Source=file:/workspaces/FerputoRepositorio/servidor_minecraft/libraries/net/fabricmc/sponge-mixin/0.15.2+mixin.0.8.7/sponge-mixin-0.15.2+mixin.0.8.7.jar Service=Knot/Fabric Env=SERVER
[02:32:08] [main/INFO]: Environment: Environment[sessionHost=https://sessionserver.mojang.com, servicesHost=https://api.minecraftservices.com, name=PROD]
[02:32:09] [main/INFO]: No existing world data, creating new world
[02:32:10] [main/INFO]: Loaded 1290 recipes
[02:32:10] [main/INFO]: Loaded 1399 advancements
[02:32:11] [Server thread/INFO]: Starting minecraft server version 1.21.1
[02:32:11] [Server thread/INFO]: Loading properties
[02:32:11] [Server thread/INFO]: Default game type: SURVIVAL
[02:32:11] [Server thread/INFO]: Generating keypair
[02:32:11] [Server thread/INFO]: Starting Minecraft server on *:25565
[02:32:11] [Server thread/INFO]: Using epoll channel type
[02:32:11] [Server thread/WARN]: **** SERVER IS RUNNING IN OFFLINE/INSECURE MODE!
[02:32:11] [Server thread/WARN]: The server will make no attempt to authenticate usernames. Beware.
[02:32:11] [Server thread/WARN]: While this makes the game possible to play without internet access, it also opens up the ability for hackers to connect with any username they choose.
[02:32:11] [Server thread/WARN]: To change this, set "online-mode" to "true" in the server.properties file.
[02:32:11] [Server thread/INFO]: Preparing level "world"
[02:32:17] [Server thread/INFO]: Preparing start region for dimension minecraft:overworld
[02:32:17] [Worker-Main-2/INFO]: Preparing spawn area: 2%
[02:32:17] [Worker-Main-3/INFO]: Preparing spawn area: 2%
[02:32:18] [Worker-Main-2/INFO]: Preparing spawn area: 2%
[02:32:18] [Worker-Main-3/INFO]: Preparing spawn area: 2%
[02:32:19] [Worker-Main-1/INFO]: Preparing spawn area: 18%
[02:32:19] [Worker-Main-2/INFO]: Preparing spawn area: 18%
[02:32:20] [Worker-Main-1/INFO]: Preparing spawn area: 51%
[02:32:20] [Worker-Main-1/INFO]: Preparing spawn area: 51%
[02:32:21] [Worker-Main-2/INFO]: Preparing spawn area: 51%
[02:32:21] [Worker-Main-2/INFO]: Preparing spawn area: 51%
[02:32:21] [Server thread/INFO]: Time elapsed: 4701 ms
[02:32:21] [Server thread/INFO]: Done (10.423s)! For help, type "help"
[02:32:59] [Server thread/INFO]: MBlGonza[/127.21.103.112:38689] logged in with entity id 11 at (-28.5, 72.0, -22.5)
[02:32:59] [Server thread/INFO]: MBlGonza joined the game
[02:33:59] [Server thread/INFO]: MBlGonza lost connection: Disconnected
[02:33:59] [Server thread/INFO]: MBlGonza left the game
[02:34:37] [Server thread/INFO]: Stopping the server
[02:34:37] [Server thread/INFO]: Stopping server
[02:34:37] [Server thread/INFO]: Saving players
[02:34:37] [Server thread/INFO]: Saving worlds
[02:34:37] [Server thread/INFO]: Saving chunks for level 'ServerLevel[world]'/minecraft:overworld
[02:34:37] [Server thread/INFO]: Saving chunks for level 'ServerLevel[world]'/minecraft:the_nether
[02:34:37] [Server thread/INFO]: Saving chunks for level 'ServerLevel[world]'/minecraft:the_end
[02:34:37] [Server thread/INFO]: ThreadedAnvilChunkStorage (world): All chunks are saved
[02:34:37] [Server thread/INFO]: ThreadedAnvilChunkStorage (DIM-1): All chunks are saved
[02:34:37] [Server thread/INFO]: ThreadedAnvilChunkStorage (DIM1): All chunks are saved
[02:34:37] [Server thread/INFO]: ThreadedAnvilChunkStorage: All dimensions are saved
